2017-11-11 07:08:39 [scrapy.utils.log] INFO: Scrapy 1.4.0 started (bot: weibo)
2017-11-11 07:08:39 [scrapy.utils.log] INFO: Overridden settings: {'FEED_EXPORT_ENCODING': 'utf-8', 'DOWNLOAD_DELAY': 3, 'BOT_NAME': 'weibo', 'NEWSPIDER_MODULE': 'weibo.spiders', 'DUPEFILTER_CLASS': 'scrapy_redis.dupefilter.RFPDupeFilter', 'SCHEDULER': 'scrapy_redis.scheduler.Scheduler', 'SPIDER_MODULES': ['weibo.spiders']}
2017-11-11 07:08:39 [scrapy.middleware] INFO: Enabled extensions:
['scrapy.extensions.memusage.MemoryUsage',
 'scrapy.extensions.corestats.CoreStats',
 'scrapy.extensions.logstats.LogStats',
 'scrapy.extensions.telnet.TelnetConsole']
2017-11-11 07:08:39 [WeiboComment] INFO: Reading start URLs from redis key 'weibo_comment:start_urls' (batch size: 16, encoding: utf-8
2017-11-11 07:08:39 [scrapy.middleware] INFO: Enabled downloader middlewares:
['scrapy.downloadermiddlewares.httpauth.HttpAuthMiddleware',
 'scrapy.downloadermiddlewares.downloadtimeout.DownloadTimeoutMiddleware',
 'scrapy.downloadermiddlewares.defaultheaders.DefaultHeadersMiddleware',
 'scrapy.downloadermiddlewares.useragent.UserAgentMiddleware',
 'scrapy.downloadermiddlewares.retry.RetryMiddleware',
 'scrapy.downloadermiddlewares.redirect.MetaRefreshMiddleware',
 'scrapy.downloadermiddlewares.httpcompression.HttpCompressionMiddleware',
 'scrapy.downloadermiddlewares.redirect.RedirectMiddleware',
 'scrapy.downloadermiddlewares.cookies.CookiesMiddleware',
 'scrapy.downloadermiddlewares.httpproxy.HttpProxyMiddleware',
 'scrapy.downloadermiddlewares.stats.DownloaderStats']
2017-11-11 07:08:39 [scrapy.middleware] INFO: Enabled spider middlewares:
['scrapy.spidermiddlewares.httperror.HttpErrorMiddleware',
 'scrapy.spidermiddlewares.offsite.OffsiteMiddleware',
 'scrapy.spidermiddlewares.referer.RefererMiddleware',
 'scrapy.spidermiddlewares.urllength.UrlLengthMiddleware',
 'scrapy.spidermiddlewares.depth.DepthMiddleware']
2017-11-11 07:08:39 [scrapy.middleware] INFO: Enabled item pipelines:
['weibo.pipelines.WeiboPipeline']
2017-11-11 07:08:39 [scrapy.core.engine] INFO: Spider opened
2017-11-11 07:08:39 [scrapy.extensions.logstats] INFO: Crawled 0 pages (at 0 pages/min), scraped 0 items (at 0 items/min)
2017-11-11 07:08:39 [scrapy.extensions.telnet] DEBUG: Telnet console listening on 127.0.0.1:6023
2017-11-11 07:09:39 [scrapy.extensions.logstats] INFO: Crawled 0 pages (at 0 pages/min), scraped 0 items (at 0 items/min)
2017-11-11 07:10:09 [scrapy.utils.signal] ERROR: Error caught on signal handler: <bound method RedisMixin.spider_idle of <WeiboComment 'WeiboComment' at 0x7f07c0c1ecc0>>
Traceback (most recent call last):
  File "/usr/local/lib/python3.5/dist-packages/scrapy/utils/signal.py", line 30, in send_catch_log
    *arguments, **named)
  File "/usr/local/lib/python3.5/dist-packages/pydispatch/robustapply.py", line 55, in robustApply
    return receiver(*arguments, **named)
  File "/usr/local/lib/python3.5/dist-packages/scrapy_redis/spiders.py", line 121, in spider_idle
    self.schedule_next_requests()
  File "/usr/local/lib/python3.5/dist-packages/scrapy_redis/spiders.py", line 115, in schedule_next_requests
    for req in self.next_requests():
  File "/usr/local/lib/python3.5/dist-packages/scrapy_redis/spiders.py", line 87, in next_requests
    req = self.make_request_from_data(data)
  File "/usr/local/lib/python3.5/dist-packages/scrapy_redis/spiders.py", line 110, in make_request_from_data
    return self.make_requests_from_url(url)
  File "/usr/local/lib/python3.5/dist-packages/scrapy/spiders/__init__.py", line 87, in make_requests_from_url
    return Request(url, dont_filter=True)
  File "/usr/local/lib/python3.5/dist-packages/scrapy/http/request/__init__.py", line 25, in __init__
    self._set_url(url)
  File "/usr/local/lib/python3.5/dist-packages/scrapy/http/request/__init__.py", line 58, in _set_url
    raise ValueError('Missing scheme in request url: %s' % self._url)
ValueError: Missing scheme in request url: www.baidu.com
2017-11-11 07:10:09 [scrapy.core.engine] INFO: Closing spider (finished)
2017-11-11 07:10:09 [scrapy.statscollectors] INFO: Dumping Scrapy stats:
{'finish_reason': 'finished',
 'finish_time': datetime.datetime(2017, 11, 11, 7, 10, 9, 923374),
 'log_count/DEBUG': 1,
 'log_count/ERROR': 1,
 'log_count/INFO': 9,
 'memusage/max': 51933184,
 'memusage/startup': 51732480,
 'start_time': datetime.datetime(2017, 11, 11, 7, 8, 39, 914517)}
2017-11-11 07:10:09 [scrapy.core.engine] INFO: Spider closed (finished)
